app/build/intermediates/manifest_merge_blame_file/debug/processDebugMainManifest/manifest-merger-blame-debug-report.txt
1<?xml version="1.0" encoding="utf-8"?>
2<manifest xmlns:android="http://schemas.android.com/apk/res/android"
3    package="com.example.firebase"
4    android:versionCode="1"
5    android:versionName="1.0" >
6
7    <uses-sdk
8        android:minSdkVersion="24"
9        android:targetSdkVersion="35" />
10
11    <uses-permission android:name="android.permission.INTERNET" />
11-->[com.google.firebase:firebase-auth:23.2.1] AndroidManifest.xml:25:5-67
11-->[com.google.firebase:firebase-auth:23.2.1] AndroidManifest.xml:25:22-64
12    <uses-permission android:name="android.permission.ACCESS_NETWORK_STATE" />
12-->[com.google.firebase:firebase-auth:23.2.1] AndroidManifest.xml:26:5-79
12-->[com.google.firebase:firebase-auth:23.2.1] AndroidManifest.xml:26:22-76
13    <uses-permission android:name="android.permission.USE_BIOMETRIC" /> <!-- suppress DeprecatedClassUsageInspection -->
13-->[androidx.biometric:biometric:1.1.0] AndroidManifest.xml:24:5-72
13-->[androidx.biometric:biometric:1.1.0] AndroidManifest.xml:24:22-69
14    <uses-permission android:name="android.permission.USE_FINGERPRINT" />
14-->[androidx.biometric:biometric:1.1.0] AndroidManifest.xml:27:5-74
14-->[androidx.biometric:biometric:1.1.0] AndroidManifest.xml:27:22-71
15    <uses-permission android:name="android.permission.WAKE_LOCK" />
15-->[com.google.android.gms:play-services-measurement:22.4.0] AndroidManifest.xml:25:5-68
15-->[com.google.android.gms:play-services-measurement:22.4.0] AndroidManifest.xml:25:22-65
16    <uses-permission android:name="com.google.android.finsky.permission.BIND_GET_INSTALL_REFERRER_SERVICE" />
16-->[com.google.android.gms:play-services-measurement:22.4.0] AndroidManifest.xml:26:5-110
16-->[com.google.android.gms:play-services-measurement:22.4.0] AndroidManifest.xml:26:22-107
17    <uses-permission android:name="com.google.android.gms.permission.AD_ID" />
17-->[com.google.android.gms:play-services-measurement-impl:22.4.0] AndroidManifest.xml:27:5-79
17-->[com.google.android.gms:play-services-measurement-impl:22.4.0] AndroidManifest.xml:27:22-76
18    <uses-permission android:name="android.permission.ACCESS_ADSERVICES_ATTRIBUTION" />
18-->[com.google.android.gms:play-services-measurement-api:22.4.0] AndroidManifest.xml:26:5-88
18-->[com.google.android.gms:play-services-measurement-api:22.4.0] AndroidManifest.xml:26:22-85
19    <uses-permission android:name="android.permission.ACCESS_ADSERVICES_AD_ID" />
19-->[com.google.android.gms:play-services-measurement-api:22.4.0] AndroidManifest.xml:27:5-82
19-->[com.google.android.gms:play-services-measurement-api:22.4.0] AndroidManifest.xml:27:22-79
20    <uses-permission android:name="com.google.android.providers.gsf.permission.READ_GSERVICES" />
20-->[com.google.android.recaptcha:recaptcha:18.6.1] AndroidManifest.xml:9:5-98
20-->[com.google.android.recaptcha:recaptcha:18.6.1] AndroidManifest.xml:9:22-95
21
22    <permission
22-->[androidx.core:core:1.16.0] AndroidManifest.xml:22:5-24:47
23        android:name="com.example.firebase.DYNAMIC_RECEIVER_NOT_EXPORTED_PERMISSION"
23-->[androidx.core:core:1.16.0] AndroidManifest.xml:23:9-81
24        android:protectionLevel="signature" />
24-->[androidx.core:core:1.16.0] AndroidManifest.xml:24:9-44
25
26    <uses-permission android:name="com.example.firebase.DYNAMIC_RECEIVER_NOT_EXPORTED_PERMISSION" />
26-->[androidx.core:core:1.16.0] AndroidManifest.xml:26:5-97
26-->[androidx.core:core:1.16.0] AndroidManifest.xml:26:22-94
27
28    <application
28-->src\main\AndroidManifest.xml:5:5-26:19
29        android:allowBackup="true"
29-->src\main\AndroidManifest.xml:6:9-35
30        android:appComponentFactory="androidx.core.app.CoreComponentFactory"
30-->[androidx.core:core:1.16.0] AndroidManifest.xml:28:18-86
31        android:dataExtractionRules="@xml/data_extraction_rules"
31-->src\main\AndroidManifest.xml:7:9-65
32        android:debuggable="true"
33        android:extractNativeLibs="false"
34        android:fullBackupContent="@xml/backup_rules"
34-->src\main\AndroidManifest.xml:8:9-54
35        android:icon="@mipmap/ic_launcher"
35-->src\main\AndroidManifest.xml:9:9-43
36        android:label="@string/app_name"
36-->src\main\AndroidManifest.xml:10:9-41
37        android:roundIcon="@mipmap/ic_launcher_round"
37-->src\main\AndroidManifest.xml:11:9-54
38        android:supportsRtl="true"
38-->src\main\AndroidManifest.xml:12:9-35
39        android:testOnly="true"
40        android:theme="@style/Theme.Firebase" >
40-->src\main\AndroidManifest.xml:13:9-46
41        <activity
41-->src\main\AndroidManifest.xml:15:9-25:20
42            android:name="com.example.firebase.MainActivity"
42-->src\main\AndroidManifest.xml:16:13-41
43            android:exported="true"
43-->src\main\AndroidManifest.xml:17:13-36
44            android:label="@string/app_name"
44-->src\main\AndroidManifest.xml:18:13-45
45            android:theme="@style/Theme.Firebase" >
45-->src\main\AndroidManifest.xml:19:13-50
46            <intent-filter>
46-->src\main\AndroidManifest.xml:20:13-24:29
47                <action android:name="android.intent.action.MAIN" />
47-->src\main\AndroidManifest.xml:21:17-69
47-->src\main\AndroidManifest.xml:21:25-66
48
49                <category android:name="android.intent.category.LAUNCHER" />
49-->src\main\AndroidManifest.xml:23:17-77
49-->src\main\AndroidManifest.xml:23:27-74
50            </intent-filter>
51        </activity>
52
53        <service
53-->[com.google.firebase:firebase-auth-ktx:23.2.1] AndroidManifest.xml:8:9-14:19
54            android:name="com.google.firebase.components.ComponentDiscoveryService"
54-->[com.google.firebase:firebase-auth-ktx:23.2.1] AndroidManifest.xml:9:13-84
55            android:directBootAware="true"
55-->[com.google.firebase:firebase-common:21.0.0] AndroidManifest.xml:32:13-43
56            android:exported="false" >
56-->[com.google.firebase:firebase-auth-ktx:23.2.1] AndroidManifest.xml:10:13-37
57            <meta-data
57-->[com.google.firebase:firebase-auth-ktx:23.2.1] AndroidManifest.xml:11:13-13:85
58                android:name="com.google.firebase.components:com.google.firebase.auth.ktx.FirebaseAuthLegacyRegistrar"
58-->[com.google.firebase:firebase-auth-ktx:23.2.1] AndroidManifest.xml:12:17-119
59                android:value="com.google.firebase.components.ComponentRegistrar" />
59-->[com.google.firebase:firebase-auth-ktx:23.2.1] AndroidManifest.xml:13:17-82
60            <meta-data
60-->[com.google.firebase:firebase-auth:23.2.1] AndroidManifest.xml:69:13-71:85
61                android:name="com.google.firebase.components:com.google.firebase.auth.FirebaseAuthRegistrar"
61-->[com.google.firebase:firebase-auth:23.2.1] AndroidManifest.xml:70:17-109
62                android:value="com.google.firebase.components.ComponentRegistrar" />
62-->[com.google.firebase:firebase-auth:23.2.1] AndroidManifest.xml:71:17-82
63            <meta-data
63-->[com.google.firebase:firebase-firestore-ktx:25.1.4] AndroidManifest.xml:12:13-14:85
64                android:name="com.google.firebase.components:com.google.firebase.firestore.ktx.FirebaseFirestoreLegacyRegistrar"
64-->[com.google.firebase:firebase-firestore-ktx:25.1.4] AndroidManifest.xml:13:17-129
65                android:value="com.google.firebase.components.ComponentRegistrar" />
65-->[com.google.firebase:firebase-firestore-ktx:25.1.4] AndroidManifest.xml:14:17-82
66            <meta-data
66-->[com.google.firebase:firebase-firestore:25.1.4] AndroidManifest.xml:17:13-19:85
67                android:name="com.google.firebase.components:com.google.firebase.firestore.FirebaseFirestoreKtxRegistrar"
67-->[com.google.firebase:firebase-firestore:25.1.4] AndroidManifest.xml:18:17-122
68                android:value="com.google.firebase.components.ComponentRegistrar" />
68-->[com.google.firebase:firebase-firestore:25.1.4] AndroidManifest.xml:19:17-82
69            <meta-data
69-->[com.google.firebase:firebase-firestore:25.1.4] AndroidManifest.xml:20:13-22:85
70                android:name="com.google.firebase.components:com.google.firebase.firestore.FirestoreRegistrar"
70-->[com.google.firebase:firebase-firestore:25.1.4] AndroidManifest.xml:21:17-111
71                android:value="com.google.firebase.components.ComponentRegistrar" />
71-->[com.google.firebase:firebase-firestore:25.1.4] AndroidManifest.xml:22:17-82
72            <meta-data
72-->[com.google.android.gms:play-services-measurement-api:22.4.0] AndroidManifest.xml:33:13-35:85
73                android:name="com.google.firebase.components:com.google.firebase.analytics.connector.internal.AnalyticsConnectorRegistrar"
73-->[com.google.android.gms:play-services-measurement-api:22.4.0] AndroidManifest.xml:34:17-139
74                android:value="com.google.firebase.components.ComponentRegistrar" />
74-->[com.google.android.gms:play-services-measurement-api:22.4.0] AndroidManifest.xml:35:17-82
75            <meta-data
75-->[com.google.firebase:firebase-crashlytics:19.4.3] AndroidManifest.xml:15:13-17:85
76                android:name="com.google.firebase.components:com.google.firebase.crashlytics.FirebaseCrashlyticsKtxRegistrar"
76-->[com.google.firebase:firebase-crashlytics:19.4.3] AndroidManifest.xml:16:17-126
77                android:value="com.google.firebase.components.ComponentRegistrar" />
77-->[com.google.firebase:firebase-crashlytics:19.4.3] AndroidManifest.xml:17:17-82
78            <meta-data
78-->[com.google.firebase:firebase-crashlytics:19.4.3] AndroidManifest.xml:18:13-20:85
79                android:name="com.google.firebase.components:com.google.firebase.crashlytics.CrashlyticsRegistrar"
79-->[com.google.firebase:firebase-crashlytics:19.4.3] AndroidManifest.xml:19:17-115
80                android:value="com.google.firebase.components.ComponentRegistrar" />
80-->[com.google.firebase:firebase-crashlytics:19.4.3] AndroidManifest.xml:20:17-82
81            <meta-data
81-->[com.google.firebase:firebase-sessions:2.1.1] AndroidManifest.xml:29:13-31:85
82                android:name="com.google.firebase.components:com.google.firebase.sessions.FirebaseSessionsRegistrar"
82-->[com.google.firebase:firebase-sessions:2.1.1] AndroidManifest.xml:30:17-117
83                android:value="com.google.firebase.components.ComponentRegistrar" />
83-->[com.google.firebase:firebase-sessions:2.1.1] AndroidManifest.xml:31:17-82
84            <meta-data
84-->[com.google.firebase:firebase-installations:18.0.0] AndroidManifest.xml:15:13-17:85
85                android:name="com.google.firebase.components:com.google.firebase.installations.FirebaseInstallationsKtxRegistrar"
85-->[com.google.firebase:firebase-installations:18.0.0] AndroidManifest.xml:16:17-130
86                android:value="com.google.firebase.components.ComponentRegistrar" />
86-->[com.google.firebase:firebase-installations:18.0.0] AndroidManifest.xml:17:17-82
87            <meta-data
87-->[com.google.firebase:firebase-installations:18.0.0] AndroidManifest.xml:18:13-20:85
88                android:name="com.google.firebase.components:com.google.firebase.installations.FirebaseInstallationsRegistrar"
88-->[com.google.firebase:firebase-installations:18.0.0] AndroidManifest.xml:19:17-127
89                android:value="com.google.firebase.components.ComponentRegistrar" />
89-->[com.google.firebase:firebase-installations:18.0.0] AndroidManifest.xml:20:17-82
90            <meta-data
90-->[com.google.firebase:firebase-common-ktx:21.0.0] AndroidManifest.xml:12:13-14:85
91                android:name="com.google.firebase.components:com.google.firebase.ktx.FirebaseCommonLegacyRegistrar"
91-->[com.google.firebase:firebase-common-ktx:21.0.0] AndroidManifest.xml:13:17-116
92                android:value="com.google.firebase.components.ComponentRegistrar" />
92-->[com.google.firebase:firebase-common-ktx:21.0.0] AndroidManifest.xml:14:17-82
93            <meta-data
93-->[com.google.firebase:firebase-common:21.0.0] AndroidManifest.xml:35:13-37:85
94                android:name="com.google.firebase.components:com.google.firebase.FirebaseCommonKtxRegistrar"
94-->[com.google.firebase:firebase-common:21.0.0] AndroidManifest.xml:36:17-109
95                android:value="com.google.firebase.components.ComponentRegistrar" />
95-->[com.google.firebase:firebase-common:21.0.0] AndroidManifest.xml:37:17-82
96            <meta-data
96-->[com.google.firebase:firebase-datatransport:19.0.0] AndroidManifest.xml:25:13-27:85
97                android:name="com.google.firebase.components:com.google.firebase.datatransport.TransportRegistrar"
97-->[com.google.firebase:firebase-datatransport:19.0.0] AndroidManifest.xml:26:17-115
98                android:value="com.google.firebase.components.ComponentRegistrar" />
98-->[com.google.firebase:firebase-datatransport:19.0.0] AndroidManifest.xml:27:17-82
99        </service>
100
101        <activity
101-->[com.google.firebase:firebase-auth:23.2.1] AndroidManifest.xml:29:9-46:20
102            android:name="com.google.firebase.auth.internal.GenericIdpActivity"
102-->[com.google.firebase:firebase-auth:23.2.1] AndroidManifest.xml:30:13-80
103            android:excludeFromRecents="true"
103-->[com.google.firebase:firebase-auth:23.2.1] AndroidManifest.xml:31:13-46
104            android:exported="true"
104-->[com.google.firebase:firebase-auth:23.2.1] AndroidManifest.xml:32:13-36
105            android:launchMode="singleTask"
105-->[com.google.firebase:firebase-auth:23.2.1] AndroidManifest.xml:33:13-44
106            android:theme="@android:style/Theme.Translucent.NoTitleBar" >
106-->[com.google.firebase:firebase-auth:23.2.1] AndroidManifest.xml:34:13-72
107            <intent-filter>
107-->[com.google.firebase:firebase-auth:23.2.1] AndroidManifest.xml:35:13-45:29
108                <action android:name="android.intent.action.VIEW" />
108-->[com.google.firebase:firebase-auth:23.2.1] AndroidManifest.xml:36:17-69
108-->[com.google.firebase:firebase-auth:23.2.1] AndroidManifest.xml:36:25-66
109
110                <category android:name="android.intent.category.DEFAULT" />
110-->[com.google.firebase:firebase-auth:23.2.1] AndroidManifest.xml:38:17-76
110-->[com.google.firebase:firebase-auth:23.2.1] AndroidManifest.xml:38:27-73
111                <category android:name="android.intent.category.BROWSABLE" />
111-->[com.google.firebase:firebase-auth:23.2.1] AndroidManifest.xml:39:17-78
111-->[com.google.firebase:firebase-auth:23.2.1] AndroidManifest.xml:39:27-75
112
113                <data
113-->[com.google.firebase:firebase-auth:23.2.1] AndroidManifest.xml:41:17-44:51
114                    android:host="firebase.auth"
114-->[com.google.firebase:firebase-auth:23.2.1] AndroidManifest.xml:42:21-49
115                    android:path="/"
115-->[com.google.firebase:firebase-auth:23.2.1] AndroidManifest.xml:43:21-37
116                    android:scheme="genericidp" />
116-->[com.google.firebase:firebase-auth:23.2.1] AndroidManifest.xml:44:21-48
117            </intent-filter>
118        </activity>
119        <activity
119-->[com.google.firebase:firebase-auth:23.2.1] AndroidManifest.xml:47:9-64:20
120            android:name="com.google.firebase.auth.internal.RecaptchaActivity"
120-->[com.google.firebase:firebase-auth:23.2.1] AndroidManifest.xml:48:13-79
121            android:excludeFromRecents="true"
121-->[com.google.firebase:firebase-auth:23.2.1] AndroidManifest.xml:49:13-46
122            android:exported="true"
122-->[com.google.firebase:firebase-auth:23.2.1] AndroidManifest.xml:50:13-36
123            android:launchMode="singleTask"
123-->[com.google.firebase:firebase-auth:23.2.1] AndroidManifest.xml:51:13-44
124            android:theme="@android:style/Theme.Translucent.NoTitleBar" >
124-->[com.google.firebase:firebase-auth:23.2.1] AndroidManifest.xml:52:13-72
125            <intent-filter>
125-->[com.google.firebase:firebase-auth:23.2.1] AndroidManifest.xml:53:13-63:29
126                <action android:name="android.intent.action.VIEW" />
126-->[com.google.firebase:firebase-auth:23.2.1] AndroidManifest.xml:36:17-69
126-->[com.google.firebase:firebase-auth:23.2.1] AndroidManifest.xml:36:25-66
127
128                <category android:name="android.intent.category.DEFAULT" />
128-->[com.google.firebase:firebase-auth:23.2.1] AndroidManifest.xml:38:17-76
128-->[com.google.firebase:firebase-auth:23.2.1] AndroidManifest.xml:38:27-73
129                <category android:name="android.intent.category.BROWSABLE" />
129-->[com.google.firebase:firebase-auth:23.2.1] AndroidManifest.xml:39:17-78
129-->[com.google.firebase:firebase-auth:23.2.1] AndroidManifest.xml:39:27-75
130
131                <data
131-->[com.google.firebase:firebase-auth:23.2.1] AndroidManifest.xml:41:17-44:51
132                    android:host="firebase.auth"
132-->[com.google.firebase:firebase-auth:23.2.1] AndroidManifest.xml:42:21-49
133                    android:path="/"
133-->[com.google.firebase:firebase-auth:23.2.1] AndroidManifest.xml:43:21-37
134                    android:scheme="recaptcha" />
134-->[com.google.firebase:firebase-auth:23.2.1] AndroidManifest.xml:44:21-48
135            </intent-filter>
136        </activity>
137
138        <service
138-->[androidx.credentials:credentials-play-services-auth:1.5.0] AndroidManifest.xml:24:9-32:19
139            android:name="androidx.credentials.playservices.CredentialProviderMetadataHolder"
139-->[androidx.credentials:credentials-play-services-auth:1.5.0] AndroidManifest.xml:25:13-94
140            android:enabled="true"
140-->[androidx.credentials:credentials-play-services-auth:1.5.0] AndroidManifest.xml:26:13-35
141            android:exported="false" >
141-->[androidx.credentials:credentials-play-services-auth:1.5.0] AndroidManifest.xml:27:13-37
142            <meta-data
142-->[androidx.credentials:credentials-play-services-auth:1.5.0] AndroidManifest.xml:29:13-31:104
143                android:name="androidx.credentials.CREDENTIAL_PROVIDER_KEY"
143-->[androidx.credentials:credentials-play-services-auth:1.5.0] AndroidManifest.xml:30:17-76
144                android:value="androidx.credentials.playservices.CredentialProviderPlayServicesImpl" />
144-->[androidx.credentials:credentials-play-services-auth:1.5.0] AndroidManifest.xml:31:17-101
145        </service>
146
147        <activity
147-->[androidx.credentials:credentials-play-services-auth:1.5.0] AndroidManifest.xml:34:9-41:20
148            android:name="androidx.credentials.playservices.HiddenActivity"
148-->[androidx.credentials:credentials-play-services-auth:1.5.0] AndroidManifest.xml:35:13-76
149            android:configChanges="orientation|screenSize|screenLayout|keyboardHidden"
149-->[androidx.credentials:credentials-play-services-auth:1.5.0] AndroidManifest.xml:36:13-87
150            android:enabled="true"
150-->[androidx.credentials:credentials-play-services-auth:1.5.0] AndroidManifest.xml:37:13-35
151            android:exported="false"
151-->[androidx.credentials:credentials-play-services-auth:1.5.0] AndroidManifest.xml:38:13-37
152            android:fitsSystemWindows="true"
152-->[androidx.credentials:credentials-play-services-auth:1.5.0] AndroidManifest.xml:39:13-45
153            android:theme="@style/Theme.Hidden" >
153-->[androidx.credentials:credentials-play-services-auth:1.5.0] AndroidManifest.xml:40:13-48
154        </activity>
155        <activity
155-->[androidx.credentials:credentials-play-services-auth:1.5.0] AndroidManifest.xml:42:9-49:20
156            android:name="androidx.credentials.playservices.IdentityCredentialApiHiddenActivity"
156-->[androidx.credentials:credentials-play-services-auth:1.5.0] AndroidManifest.xml:43:13-97
157            android:configChanges="orientation|screenSize|screenLayout|keyboardHidden"
157-->[androidx.credentials:credentials-play-services-auth:1.5.0] AndroidManifest.xml:44:13-87
158            android:enabled="true"
158-->[androidx.credentials:credentials-play-services-auth:1.5.0] AndroidManifest.xml:45:13-35
159            android:exported="false"
159-->[androidx.credentials:credentials-play-services-auth:1.5.0] AndroidManifest.xml:46:13-37
160            android:fitsSystemWindows="true"
160-->[androidx.credentials:credentials-play-services-auth:1.5.0] AndroidManifest.xml:47:13-45
161            android:theme="@style/Theme.Hidden" >
161-->[androidx.credentials:credentials-play-services-auth:1.5.0] AndroidManifest.xml:48:13-48
162        </activity>
163        <activity
163-->[androidx.compose.ui:ui-tooling-android:1.8.2] AndroidManifest.xml:23:9-25:39
164            android:name="androidx.compose.ui.tooling.PreviewActivity"
164-->[androidx.compose.ui:ui-tooling-android:1.8.2] AndroidManifest.xml:24:13-71
165            android:exported="true" />
165-->[androidx.compose.ui:ui-tooling-android:1.8.2] AndroidManifest.xml:25:13-36
166        <activity
166-->[com.google.android.gms:play-services-auth:21.1.1] AndroidManifest.xml:23:9-27:75
167            android:name="com.google.android.gms.auth.api.signin.internal.SignInHubActivity"
167-->[com.google.android.gms:play-services-auth:21.1.1] AndroidManifest.xml:24:13-93
168            android:excludeFromRecents="true"
168-->[com.google.android.gms:play-services-auth:21.1.1] AndroidManifest.xml:25:13-46
169            android:exported="false"
169-->[com.google.android.gms:play-services-auth:21.1.1] AndroidManifest.xml:26:13-37
170            android:theme="@android:style/Theme.Translucent.NoTitleBar" />
170-->[com.google.android.gms:play-services-auth:21.1.1] AndroidManifest.xml:27:13-72
171        <!--
172            Service handling Google Sign-In user revocation. For apps that do not integrate with
173            Google Sign-In, this service will never be started.
174        -->
175        <service
175-->[com.google.android.gms:play-services-auth:21.1.1] AndroidManifest.xml:33:9-37:51
176            android:name="com.google.android.gms.auth.api.signin.RevocationBoundService"
176-->[com.google.android.gms:play-services-auth:21.1.1] AndroidManifest.xml:34:13-89
177            android:exported="true"
177-->[com.google.android.gms:play-services-auth:21.1.1] AndroidManifest.xml:35:13-36
178            android:permission="com.google.android.gms.auth.api.signin.permission.REVOCATION_NOTIFICATION"
178-->[com.google.android.gms:play-services-auth:21.1.1] AndroidManifest.xml:36:13-107
179            android:visibleToInstantApps="true" />
179-->[com.google.android.gms:play-services-auth:21.1.1] AndroidManifest.xml:37:13-48
180
181        <receiver
181-->[com.google.android.gms:play-services-measurement:22.4.0] AndroidManifest.xml:29:9-33:20
182            android:name="com.google.android.gms.measurement.AppMeasurementReceiver"
182-->[com.google.android.gms:play-services-measurement:22.4.0] AndroidManifest.xml:30:13-85
183            android:enabled="true"
183-->[com.google.android.gms:play-services-measurement:22.4.0] AndroidManifest.xml:31:13-35
184            android:exported="false" >
184-->[com.google.android.gms:play-services-measurement:22.4.0] AndroidManifest.xml:32:13-37
185        </receiver>
186
187        <service
187-->[com.google.android.gms:play-services-measurement:22.4.0] AndroidManifest.xml:35:9-38:40
188            android:name="com.google.android.gms.measurement.AppMeasurementService"
188-->[com.google.android.gms:play-services-measurement:22.4.0] AndroidManifest.xml:36:13-84
189            android:enabled="true"
189-->[com.google.android.gms:play-services-measurement:22.4.0] AndroidManifest.xml:37:13-35
190            android:exported="false" />
190-->[com.google.android.gms:play-services-measurement:22.4.0] AndroidManifest.xml:38:13-37
191        <service
191-->[com.google.android.gms:play-services-measurement:22.4.0] AndroidManifest.xml:39:9-43:72
192            android:name="com.google.android.gms.measurement.AppMeasurementJobService"
192-->[com.google.android.gms:play-services-measurement:22.4.0] AndroidManifest.xml:40:13-87
193            android:enabled="true"
193-->[com.google.android.gms:play-services-measurement:22.4.0] AndroidManifest.xml:41:13-35
194            android:exported="false"
194-->[com.google.android.gms:play-services-measurement:22.4.0] AndroidManifest.xml:42:13-37
195            android:permission="android.permission.BIND_JOB_SERVICE" />
195-->[com.google.android.gms:play-services-measurement:22.4.0] AndroidManifest.xml:43:13-69
196
197        <activity
197-->[com.google.android.gms:play-services-base:18.5.0] AndroidManifest.xml:5:9-173
198            android:name="com.google.android.gms.common.api.GoogleApiActivity"
198-->[com.google.android.gms:play-services-base:18.5.0] AndroidManifest.xml:5:19-85
199            android:exported="false"
199-->[com.google.android.gms:play-services-base:18.5.0] AndroidManifest.xml:5:146-170
200            android:theme="@android:style/Theme.Translucent.NoTitleBar" />
200-->[com.google.android.gms:play-services-base:18.5.0] AndroidManifest.xml:5:86-145
201
202        <service
202-->[com.google.firebase:firebase-sessions:2.1.1] AndroidManifest.xml:22:9-25:40
203            android:name="com.google.firebase.sessions.SessionLifecycleService"
203-->[com.google.firebase:firebase-sessions:2.1.1] AndroidManifest.xml:23:13-80
204            android:enabled="true"
204-->[com.google.firebase:firebase-sessions:2.1.1] AndroidManifest.xml:24:13-35
205            android:exported="false" />
205-->[com.google.firebase:firebase-sessions:2.1.1] AndroidManifest.xml:25:13-37
206
207        <provider
207-->[com.google.firebase:firebase-common:21.0.0] AndroidManifest.xml:23:9-28:39
208            android:name="com.google.firebase.provider.FirebaseInitProvider"
208-->[com.google.firebase:firebase-common:21.0.0] AndroidManifest.xml:24:13-77
209            android:authorities="com.example.firebase.firebaseinitprovider"
209-->[com.google.firebase:firebase-common:21.0.0] AndroidManifest.xml:25:13-72
210            android:directBootAware="true"
210-->[com.google.firebase:firebase-common:21.0.0] AndroidManifest.xml:26:13-43
211            android:exported="false"
211-->[com.google.firebase:firebase-common:21.0.0] AndroidManifest.xml:27:13-37
212            android:initOrder="100" />
212-->[com.google.firebase:firebase-common:21.0.0] AndroidManifest.xml:28:13-36
213        <provider
213-->[androidx.emoji2:emoji2:1.4.0] AndroidManifest.xml:24:9-32:20
214            android:name="androidx.startup.InitializationProvider"
214-->[androidx.emoji2:emoji2:1.4.0] AndroidManifest.xml:25:13-67
215            android:authorities="com.example.firebase.androidx-startup"
215-->[androidx.emoji2:emoji2:1.4.0] AndroidManifest.xml:26:13-68
216            android:exported="false" >
216-->[androidx.emoji2:emoji2:1.4.0] AndroidManifest.xml:27:13-37
217            <meta-data
217-->[androidx.emoji2:emoji2:1.4.0] AndroidManifest.xml:29:13-31:52
218                android:name="androidx.emoji2.text.EmojiCompatInitializer"
218-->[androidx.emoji2:emoji2:1.4.0] AndroidManifest.xml:30:17-75
219                android:value="androidx.startup" />
219-->[androidx.emoji2:emoji2:1.4.0] AndroidManifest.xml:31:17-49
220            <meta-data
220-->[androidx.lifecycle:lifecycle-process:2.9.0] AndroidManifest.xml:29:13-31:52
221                android:name="androidx.lifecycle.ProcessLifecycleInitializer"
221-->[androidx.lifecycle:lifecycle-process:2.9.0] AndroidManifest.xml:30:17-78
222                android:value="androidx.startup" />
222-->[androidx.lifecycle:lifecycle-process:2.9.0] AndroidManifest.xml:31:17-49
223            <meta-data
223-->[androidx.profileinstaller:profileinstaller:1.4.0] AndroidManifest.xml:29:13-31:52
224                android:name="androidx.profileinstaller.ProfileInstallerInitializer"
224-->[androidx.profileinstaller:profileinstaller:1.4.0] AndroidManifest.xml:30:17-85
225                android:value="androidx.startup" />
225-->[androidx.profileinstaller:profileinstaller:1.4.0] AndroidManifest.xml:31:17-49
226        </provider>
227
228        <uses-library
228-->[androidx.privacysandbox.ads:ads-adservices:1.1.0-beta11] AndroidManifest.xml:23:9-25:40
229            android:name="android.ext.adservices"
229-->[androidx.privacysandbox.ads:ads-adservices:1.1.0-beta11] AndroidManifest.xml:24:13-50
230            android:required="false" />
230-->[androidx.privacysandbox.ads:ads-adservices:1.1.0-beta11] AndroidManifest.xml:25:13-37
231
232        <meta-data
232-->[com.google.android.gms:play-services-basement:18.5.0] AndroidManifest.xml:21:9-23:69
233            android:name="com.google.android.gms.version"
233-->[com.google.android.gms:play-services-basement:18.5.0] AndroidManifest.xml:22:13-58
234            android:value="@integer/google_play_services_version" />
234-->[com.google.android.gms:play-services-basement:18.5.0] AndroidManifest.xml:23:13-66
235
236        <activity
236-->[androidx.compose.ui:ui-test-manifest:1.8.2] AndroidManifest.xml:23:9-26:79
237            android:name="androidx.activity.ComponentActivity"
237-->[androidx.compose.ui:ui-test-manifest:1.8.2] AndroidManifest.xml:24:13-63
238            android:exported="true"
238-->[androidx.compose.ui:ui-test-manifest:1.8.2] AndroidManifest.xml:25:13-36
239            android:theme="@android:style/Theme.Material.Light.NoActionBar" />
239-->[androidx.compose.ui:ui-test-manifest:1.8.2] AndroidManifest.xml:26:13-76
240
241        <service
241-->[com.google.android.datatransport:transport-backend-cct:3.3.0] AndroidManifest.xml:26:9-32:19
242            android:name="com.google.android.datatransport.runtime.backends.TransportBackendDiscovery"
242-->[com.google.android.datatransport:transport-backend-cct:3.3.0] AndroidManifest.xml:27:13-103
243            android:exported="false" >
243-->[com.google.android.datatransport:transport-backend-cct:3.3.0] AndroidManifest.xml:28:13-37
244            <meta-data
244-->[com.google.android.datatransport:transport-backend-cct:3.3.0] AndroidManifest.xml:29:13-31:39
245                android:name="backend:com.google.android.datatransport.cct.CctBackendFactory"
245-->[com.google.android.datatransport:transport-backend-cct:3.3.0] AndroidManifest.xml:30:17-94